-------------------------------------------------------------------------------
Test set: com.swarna.collegeapi.repository.CourseRepositoryTest
-------------------------------------------------------------------------------
Tests run: 3, Failures: 0, Errors: 3, Skipped: 0, Time elapsed: 1.453 s <<< FAILURE! - in com.swarna.collegeapi.repository.CourseRepositoryTest
printAllCourses  Time elapsed: 0.489 s  <<< ERROR!
org.hibernate.LazyInitializationException: failed to lazily initialize a collection of role: com.swarna.collegeapi.entity.Course.students, could not initialize proxy - no Session
	at com.swarna.collegeapi.repository.CourseRepositoryTest.printAllCourses(CourseRepositoryTest.java:28)

findAllSorting  Time elapsed: 0.26 s  <<< ERROR!
org.hibernate.LazyInitializationException: failed to lazily initialize a collection of role: com.swarna.collegeapi.entity.Course.students, could not initialize proxy - no Session
	at com.swarna.collegeapi.repository.CourseRepositoryTest.findAllSorting(CourseRepositoryTest.java:69)

findAllPagination  Time elapsed: 0.698 s  <<< ERROR!
org.hibernate.LazyInitializationException: failed to lazily initialize a collection of role: com.swarna.collegeapi.entity.Course.students, could not initialize proxy - no Session
	at com.swarna.collegeapi.repository.CourseRepositoryTest.findAllPagination(CourseRepositoryTest.java:58)

