<?xml version="1.0" encoding="UTF-8"?>
<testsuite xmlns:xsi="http://www.w3.org/2001/XMLSchema-instance" xsi:noNamespaceSchemaLocation="https://maven.apache.org/surefire/maven-surefire-plugin/xsd/surefire-test-report.xsd" name="com.swarna.collegeapi.repository.CourseRepositoryTest" time="1.453" tests="3" errors="3" skipped="0" failures="0">
  <properties>
[...]
</properties>
  <testcase name="printAllCourses" classname="com.swarna.collegeapi.repository.CourseRepositoryTest" time="0.489">
    <error message="failed to lazily initialize a collection of role: com.swarna.collegeapi.entity.Course.students, could not initialize proxy - no Session" type="org.hibernate.LazyInitializationException">org.hibernate.LazyInitializationException: failed to lazily initialize a collection of role: com.swarna.collegeapi.entity.Course.students, could not initialize proxy - no Session
	at com.swarna.collegeapi.repository.CourseRepositoryTest.printAllCourses(CourseRepositoryTest.java:28)
</error>
    <system-out><![CDATA[2022-03-19 23:45:30.270  INFO 6740 --- [           main] .b.t.c.SpringBootTestContextBootstrapper : Neither @ContextConfiguration nor @ContextHierarchy found for test class [com.swarna.collegeapi.repository.CourseRepositoryTest], using SpringBootContextLoader
2022-03-19 23:45:30.271  INFO 6740 --- [           main] o.s.t.c.support.AbstractContextLoader    : Could not detect default resource locations for test class [com.swarna.collegeapi.repository.CourseRepositoryTest]: no resource found for suffixes {-context.xml, Context.groovy}.
2022-03-19 23:45:30.271  INFO 6740 --- [           main] t.c.s.AnnotationConfigContextLoaderUtils : Could not detect default configuration classes for test class [com.swarna.collegeapi.repository.CourseRepositoryTest]: CourseRepositoryTest does not declare any static, non-private, non-final, nested classes annotated with @Configuration.
2022-03-19 23:45:30.273  INFO 6740 --- [           main] .b.t.c.SpringBootTestContextBootstrapper : Found @SpringBootConfiguration com.swarna.collegeapi.CollegeApiJpaApplication for test class com.swarna.collegeapi.repository.CourseRepositoryTest
2022-03-19 23:45:30.275  INFO 6740 --- [           main] .b.t.c.SpringBootTestContextBootstrapper : Loaded default TestExecutionListener class names from location [META-INF/spring.factories]: [org.springframework.boot.test.mock.mockito.MockitoTestExecutionListener, org.springframework.boot.test.mock.mockito.ResetMocksTestExecutionListener, org.springframework.boot.test.autoconfigure.restdocs.RestDocsTestExecutionListener, org.springframework.boot.test.autoconfigure.web.client.MockRestServiceServerResetTestExecutionListener, org.springframework.boot.test.autoconfigure.web.servlet.MockMvcPrintOnlyOnFailureTestExecutionListener, org.springframework.boot.test.autoconfigure.web.servlet.WebDriverTestExecutionListener, org.springframework.boot.test.autoconfigure.webservices.client.MockWebServiceServerTestExecutionListener, org.springframework.test.context.web.ServletTestExecutionListener, org.springframework.test.context.support.DirtiesContextBeforeModesTestExecutionListener, org.springframework.test.context.event.ApplicationEventsTestExecutionListener, org.springframework.test.context.support.DependencyInjectionTestExecutionListener, org.springframework.test.context.support.DirtiesContextTestExecutionListener, org.springframework.test.context.transaction.TransactionalTestExecutionListener, org.springframework.test.context.jdbc.SqlScriptsTestExecutionListener, org.springframework.test.context.event.EventPublishingTestExecutionListener]
2022-03-19 23:45:30.276  INFO 6740 --- [           main] .b.t.c.SpringBootTestContextBootstrapper : Using TestExecutionListeners: [org.springframework.test.context.web.ServletTestExecutionListener@4718d320, org.springframework.test.context.support.DirtiesContextBeforeModesTestExecutionListener@46aea9f7, org.springframework.test.context.event.ApplicationEventsTestExecutionListener@267e0ca0, org.springframework.boot.test.mock.mockito.MockitoTestExecutionListener@3e3a07ab, org.springframework.boot.test.autoconfigure.SpringBootDependencyInjectionTestExecutionListener@3f3a529f, org.springframework.test.context.support.DirtiesContextTestExecutionListener@ce8b59e, org.springframework.test.context.transaction.TransactionalTestExecutionListener@5aa5b3af, org.springframework.test.context.jdbc.SqlScriptsTestExecutionListener@344cf00f, org.springframework.test.context.event.EventPublishingTestExecutionListener@598ff2b3, org.springframework.boot.test.mock.mockito.ResetMocksTestExecutionListener@1002f859, org.springframework.boot.test.autoconfigure.restdocs.RestDocsTestExecutionListener@67cd193d, org.springframework.boot.test.autoconfigure.web.client.MockRestServiceServerResetTestExecutionListener@34525143, org.springframework.boot.test.autoconfigure.web.servlet.MockMvcPrintOnlyOnFailureTestExecutionListener@126e2710, org.springframework.boot.test.autoconfigure.web.servlet.WebDriverTestExecutionListener@1529d534, org.springframework.boot.test.autoconfigure.webservices.client.MockWebServiceServerTestExecutionListener@1a22325d]
Hibernate: select course0_.course_id as course_i1_2_, course0_.credit as credit2_2_, course0_.teacher_id as teacher_4_2_, course0_.title as title3_2_ from tbl_course course0_
Hibernate: select coursemate0_.course_material_id as course_m1_0_0_, coursemate0_.course_id as course_i3_0_0_, coursemate0_.url as url2_0_0_ from course_material coursemate0_ where coursemate0_.course_id=?
Hibernate: select teacher0_.teacher_id as teacher_1_4_0_, teacher0_.first_name as first_na2_4_0_, teacher0_.last_name as last_nam3_4_0_ from teacher teacher0_ where teacher0_.teacher_id=?
Hibernate: select coursemate0_.course_material_id as course_m1_0_0_, coursemate0_.course_id as course_i3_0_0_, coursemate0_.url as url2_0_0_ from course_material coursemate0_ where coursemate0_.course_id=?
Hibernate: select coursemate0_.course_material_id as course_m1_0_0_, coursemate0_.course_id as course_i3_0_0_, coursemate0_.url as url2_0_0_ from course_material coursemate0_ where coursemate0_.course_id=?
Hibernate: select coursemate0_.course_material_id as course_m1_0_0_, coursemate0_.course_id as course_i3_0_0_, coursemate0_.url as url2_0_0_ from course_material coursemate0_ where coursemate0_.course_id=?
Hibernate: select teacher0_.teacher_id as teacher_1_4_0_, teacher0_.first_name as first_na2_4_0_, teacher0_.last_name as last_nam3_4_0_ from teacher teacher0_ where teacher0_.teacher_id=?
Hibernate: select coursemate0_.course_material_id as course_m1_0_0_, coursemate0_.course_id as course_i3_0_0_, coursemate0_.url as url2_0_0_ from course_material coursemate0_ where coursemate0_.course_id=?
Hibernate: select teacher0_.teacher_id as teacher_1_4_0_, teacher0_.first_name as first_na2_4_0_, teacher0_.last_name as last_nam3_4_0_ from teacher teacher0_ where teacher0_.teacher_id=?
Hibernate: select coursemate0_.course_material_id as course_m1_0_0_, coursemate0_.course_id as course_i3_0_0_, coursemate0_.url as url2_0_0_ from course_material coursemate0_ where coursemate0_.course_id=?
Hibernate: select coursemate0_.course_material_id as course_m1_0_0_, coursemate0_.course_id as course_i3_0_0_, coursemate0_.url as url2_0_0_ from course_material coursemate0_ where coursemate0_.course_id=?
Hibernate: select coursemate0_.course_material_id as course_m1_0_0_, coursemate0_.course_id as course_i3_0_0_, coursemate0_.url as url2_0_0_ from course_material coursemate0_ where coursemate0_.course_id=?
Hibernate: select coursemate0_.course_material_id as course_m1_0_0_, coursemate0_.course_id as course_i3_0_0_, coursemate0_.url as url2_0_0_ from course_material coursemate0_ where coursemate0_.course_id=?
]]></system-out>
  </testcase>
  <testcase name="findAllSorting" classname="com.swarna.collegeapi.repository.CourseRepositoryTest" time="0.26">
    <error message="failed to lazily initialize a collection of role: com.swarna.collegeapi.entity.Course.students, could not initialize proxy - no Session" type="org.hibernate.LazyInitializationException">org.hibernate.LazyInitializationException: failed to lazily initialize a collection of role: com.swarna.collegeapi.entity.Course.students, could not initialize proxy - no Session
	at com.swarna.collegeapi.repository.CourseRepositoryTest.findAllSorting(CourseRepositoryTest.java:69)
</error>
    <system-out><![CDATA[Hibernate: select course0_.course_id as course_i1_2_, course0_.credit as credit2_2_, course0_.teacher_id as teacher_4_2_, course0_.title as title3_2_ from tbl_course course0_ order by course0_.title asc limit ?
Hibernate: select teacher0_.teacher_id as teacher_1_4_0_, teacher0_.first_name as first_na2_4_0_, teacher0_.last_name as last_nam3_4_0_ from teacher teacher0_ where teacher0_.teacher_id=?
Hibernate: select coursemate0_.course_material_id as course_m1_0_0_, coursemate0_.course_id as course_i3_0_0_, coursemate0_.url as url2_0_0_ from course_material coursemate0_ where coursemate0_.course_id=?
Hibernate: select teacher0_.teacher_id as teacher_1_4_0_, teacher0_.first_name as first_na2_4_0_, teacher0_.last_name as last_nam3_4_0_ from teacher teacher0_ where teacher0_.teacher_id=?
Hibernate: select coursemate0_.course_material_id as course_m1_0_0_, coursemate0_.course_id as course_i3_0_0_, coursemate0_.url as url2_0_0_ from course_material coursemate0_ where coursemate0_.course_id=?
Hibernate: select count(course0_.course_id) as col_0_0_ from tbl_course course0_
]]></system-out>
  </testcase>
  <testcase name="findAllPagination" classname="com.swarna.collegeapi.repository.CourseRepositoryTest" time="0.698">
    <error message="failed to lazily initialize a collection of role: com.swarna.collegeapi.entity.Course.students, could not initialize proxy - no Session" type="org.hibernate.LazyInitializationException">org.hibernate.LazyInitializationException: failed to lazily initialize a collection of role: com.swarna.collegeapi.entity.Course.students, could not initialize proxy - no Session
	at com.swarna.collegeapi.repository.CourseRepositoryTest.findAllPagination(CourseRepositoryTest.java:58)
</error>
    <system-out><![CDATA[Hibernate: select course0_.course_id as course_i1_2_, course0_.credit as credit2_2_, course0_.teacher_id as teacher_4_2_, course0_.title as title3_2_ from tbl_course course0_ limit ?
Hibernate: select coursemate0_.course_material_id as course_m1_0_0_, coursemate0_.course_id as course_i3_0_0_, coursemate0_.url as url2_0_0_ from course_material coursemate0_ where coursemate0_.course_id=?
Hibernate: select teacher0_.teacher_id as teacher_1_4_0_, teacher0_.first_name as first_na2_4_0_, teacher0_.last_name as last_nam3_4_0_ from teacher teacher0_ where teacher0_.teacher_id=?
Hibernate: select coursemate0_.course_material_id as course_m1_0_0_, coursemate0_.course_id as course_i3_0_0_, coursemate0_.url as url2_0_0_ from course_material coursemate0_ where coursemate0_.course_id=?
Hibernate: select coursemate0_.course_material_id as course_m1_0_0_, coursemate0_.course_id as course_i3_0_0_, coursemate0_.url as url2_0_0_ from course_material coursemate0_ where coursemate0_.course_id=?
Hibernate: select count(course0_.course_id) as col_0_0_ from tbl_course course0_
Hibernate: select course0_.course_id as course_i1_2_, course0_.credit as credit2_2_, course0_.teacher_id as teacher_4_2_, course0_.title as title3_2_ from tbl_course course0_ limit ?
Hibernate: select coursemate0_.course_material_id as course_m1_0_0_, coursemate0_.course_id as course_i3_0_0_, coursemate0_.url as url2_0_0_ from course_material coursemate0_ where coursemate0_.course_id=?
Hibernate: select teacher0_.teacher_id as teacher_1_4_0_, teacher0_.first_name as first_na2_4_0_, teacher0_.last_name as last_nam3_4_0_ from teacher teacher0_ where teacher0_.teacher_id=?
Hibernate: select coursemate0_.course_material_id as course_m1_0_0_, coursemate0_.course_id as course_i3_0_0_, coursemate0_.url as url2_0_0_ from course_material coursemate0_ where coursemate0_.course_id=?
Hibernate: select coursemate0_.course_material_id as course_m1_0_0_, coursemate0_.course_id as course_i3_0_0_, coursemate0_.url as url2_0_0_ from course_material coursemate0_ where coursemate0_.course_id=?
Hibernate: select count(course0_.course_id) as col_0_0_ from tbl_course course0_
Hibernate: select course0_.course_id as course_i1_2_, course0_.credit as credit2_2_, course0_.teacher_id as teacher_4_2_, course0_.title as title3_2_ from tbl_course course0_ limit ?
Hibernate: select coursemate0_.course_material_id as course_m1_0_0_, coursemate0_.course_id as course_i3_0_0_, coursemate0_.url as url2_0_0_ from course_material coursemate0_ where coursemate0_.course_id=?
Hibernate: select teacher0_.teacher_id as teacher_1_4_0_, teacher0_.first_name as first_na2_4_0_, teacher0_.last_name as last_nam3_4_0_ from teacher teacher0_ where teacher0_.teacher_id=?
Hibernate: select coursemate0_.course_material_id as course_m1_0_0_, coursemate0_.course_id as course_i3_0_0_, coursemate0_.url as url2_0_0_ from course_material coursemate0_ where coursemate0_.course_id=?
Hibernate: select coursemate0_.course_material_id as course_m1_0_0_, coursemate0_.course_id as course_i3_0_0_, coursemate0_.url as url2_0_0_ from course_material coursemate0_ where coursemate0_.course_id=?
Hibernate: select count(course0_.course_id) as col_0_0_ from tbl_course course0_
totalElements = 9
totalPages = 3
]]></system-out>
  </testcase>
</testsuite>